03:05:31.364 request:
1 > POST https://petstore.swagger.io/v2/pet
1 > Accept-Encoding: gzip,deflate
1 > Connection: Keep-Alive
1 > Content-Length: 296
1 > Content-Type: application/json; charset=UTF-8
1 > Host: petstore.swagger.io
1 > User-Agent: Apache-HttpClient/4.5.12 (Java/1.8.0_342)
{"id":1,"category":{"id":1,"name":"gato"},"name":"pepe","photoUrls":["https://www.purina-latam.com/sites/g/files/auxxlc391/files/styles/social_share_large/public/01_%C2%BFQu%C3%A9-puedo-hacer-si-mi-gato-est%C3%A1-triste-.png?itok=w67Nhubc"],"tags":[{"id":1,"name":"gatito"}],"status":"available"}

03:05:32.099 response time in milliseconds: 727,85
1 < 200
1 < Access-Control-Allow-Headers: Content-Type, api_key, Authorization
1 < Access-Control-Allow-Methods: GET, POST, DELETE, PUT
1 < Access-Control-Allow-Origin: *
1 < Connection: keep-alive
1 < Content-Type: application/json
1 < Date: Mon, 29 Aug 2022 08:05:32 GMT
1 < Server: Jetty(9.2.9.v20150224)
1 < Transfer-Encoding: chunked
{"id":1,"category":{"id":1,"name":"gato"},"name":"pepe","photoUrls":["https://www.purina-latam.com/sites/g/files/auxxlc391/files/styles/social_share_large/public/01_%C2%BFQu%C3%A9-puedo-hacer-si-mi-gato-est%C3%A1-triste-.png?itok=w67Nhubc"],"tags":[{"id":1,"name":"gatito"}],"status":"available"}

03:05:32.146 request:
1 > POST https://petstore.swagger.io/v2/pet
1 > Accept-Encoding: gzip,deflate
1 > Connection: Keep-Alive
1 > Content-Length: 304
1 > Content-Type: application/json; charset=UTF-8
1 > Host: petstore.swagger.io
1 > User-Agent: Apache-HttpClient/4.5.12 (Java/1.8.0_342)
{"id":"lola","category":{"id":567,"name":"gato"},"name":"pepe","photoUrls":["https://www.purina-latam.com/sites/g/files/auxxlc391/files/styles/social_share_large/public/01_%C2%BFQu%C3%A9-puedo-hacer-si-mi-gato-est%C3%A1-triste-.png?itok=w67Nhubc"],"tags":[{"id":89,"name":"gatito"}],"status":"available"}

03:05:32.584 response time in milliseconds: 439,25
1 < 500
1 < Access-Control-Allow-Headers: Content-Type, api_key, Authorization
1 < Access-Control-Allow-Methods: GET, POST, DELETE, PUT
1 < Access-Control-Allow-Origin: *
1 < Connection: keep-alive
1 < Content-Type: application/json
1 < Date: Mon, 29 Aug 2022 08:05:33 GMT
1 < Server: Jetty(9.2.9.v20150224)
1 < Transfer-Encoding: chunked
{"code":500,"type":"unknown","message":"something bad happened"}

22:33:15.363 request:
1 > DELETE https://petstore.swagger.io/v2/pet/1
1 > Accept-Encoding: gzip,deflate
1 > Connection: Keep-Alive
1 > Host: petstore.swagger.io
1 > User-Agent: Apache-HttpClient/4.5.12 (Java/1.8.0_342)

22:33:15.804 response time in milliseconds: 438,91
1 < 200
1 < Access-Control-Allow-Headers: Content-Type, api_key, Authorization
1 < Access-Control-Allow-Methods: GET, POST, DELETE, PUT
1 < Access-Control-Allow-Origin: *
1 < Connection: keep-alive
1 < Content-Type: application/json
1 < Date: Mon, 29 Aug 2022 03:33:16 GMT
1 < Server: Jetty(9.2.9.v20150224)
1 < Transfer-Encoding: chunked
{"code":200,"type":"unknown","message":"1"}

22:33:15.814 request:
1 > DELETE https://petstore.swagger.io/v2/pet/joha
1 > Accept-Encoding: gzip,deflate
1 > Connection: Keep-Alive
1 > Host: petstore.swagger.io
1 > User-Agent: Apache-HttpClient/4.5.12 (Java/1.8.0_342)

22:33:16.282 response time in milliseconds: 466,69
1 < 404
1 < Access-Control-Allow-Headers: Content-Type, api_key, Authorization
1 < Access-Control-Allow-Methods: GET, POST, DELETE, PUT
1 < Access-Control-Allow-Origin: *
1 < Connection: keep-alive
1 < Content-Type: application/json
1 < Date: Mon, 29 Aug 2022 03:33:16 GMT
1 < Server: Jetty(9.2.9.v20150224)
1 < Transfer-Encoding: chunked
{"code":404,"type":"unknown","message":"java.lang.NumberFormatException: For input string: \"joha\""}

22:33:16.298 request:
1 > GET https://petstore.swagger.io/v2/pet/findByStatus
1 > Accept-Encoding: gzip,deflate
1 > Connection: Keep-Alive
1 > Host: petstore.swagger.io
1 > User-Agent: Apache-HttpClient/4.5.12 (Java/1.8.0_342)

22:33:16.737 response time in milliseconds: 438,64
1 < 200
1 < Access-Control-Allow-Headers: Content-Type, api_key, Authorization
1 < Access-Control-Allow-Methods: GET, POST, DELETE, PUT
1 < Access-Control-Allow-Origin: *
1 < Connection: keep-alive
1 < Content-Type: application/json
1 < Date: Mon, 29 Aug 2022 03:33:17 GMT
1 < Server: Jetty(9.2.9.v20150224)
1 < Transfer-Encoding: chunked
[]

22:33:16.753 request:
1 > GET https://petstore.swagger.io/v2/pet/findByStatus90
1 > Accept-Encoding: gzip,deflate
1 > Connection: Keep-Alive
1 > Host: petstore.swagger.io
1 > User-Agent: Apache-HttpClient/4.5.12 (Java/1.8.0_342)

22:33:17.197 response time in milliseconds: 443,60
1 < 404
1 < Access-Control-Allow-Headers: Content-Type, api_key, Authorization
1 < Access-Control-Allow-Methods: GET, POST, DELETE, PUT
1 < Access-Control-Allow-Origin: *
1 < Connection: keep-alive
1 < Content-Type: application/json
1 < Date: Mon, 29 Aug 2022 03:33:17 GMT
1 < Server: Jetty(9.2.9.v20150224)
1 < Transfer-Encoding: chunked
{"code":404,"type":"unknown","message":"java.lang.NumberFormatException: For input string: \"findByStatus90\""}

22:33:17.218 request:
1 > PUT https://petstore.swagger.io/v2/pet
1 > Accept-Encoding: gzip,deflate
1 > Connection: Keep-Alive
1 > Content-Length: 2
1 > Content-Type: application/json; charset=UTF-8
1 > Host: petstore.swagger.io
1 > User-Agent: Apache-HttpClient/4.5.12 (Java/1.8.0_342)
{}

22:33:17.661 response time in milliseconds: 442,48
1 < 200
1 < Access-Control-Allow-Headers: Content-Type, api_key, Authorization
1 < Access-Control-Allow-Methods: GET, POST, DELETE, PUT
1 < Access-Control-Allow-Origin: *
1 < Connection: keep-alive
1 < Content-Type: application/json
1 < Date: Mon, 29 Aug 2022 03:33:17 GMT
1 < Server: Jetty(9.2.9.v20150224)
1 < Transfer-Encoding: chunked
{"id":9223372000001083633,"photoUrls":[],"tags":[]}

22:33:17.672 request:
1 > PUT https://petstore.swagger.io/v2/pet/joha
1 > Accept-Encoding: gzip,deflate
1 > Connection: Keep-Alive
1 > Content-Length: 2
1 > Content-Type: application/json; charset=UTF-8
1 > Host: petstore.swagger.io
1 > User-Agent: Apache-HttpClient/4.5.12 (Java/1.8.0_342)
{}

22:33:20.642 response time in milliseconds: 2970,25
1 < 405
1 < Access-Control-Allow-Headers: Content-Type, api_key, Authorization
1 < Access-Control-Allow-Methods: GET, POST, DELETE, PUT
1 < Access-Control-Allow-Origin: *
1 < Connection: keep-alive
1 < Content-Length: 102
1 < Content-Type: application/xml
1 < Date: Mon, 29 Aug 2022 03:33:18 GMT
1 < Server: Jetty(9.2.9.v20150224)
<?xml version="1.0" encoding="UTF-8" standalone="yes"?><apiResponse><type>unknown</type></apiResponse>

ost: petstore.swagger.io
1 > User-Agent: Apache-HttpClient/4.5.12 (Java/1.8.0_301)
{}

00:12:09.380 response time in milliseconds: 663.28
1 < 405
1 < Access-Control-Allow-Headers: Content-Type, api_key, Authorization
1 < Access-Control-Allow-Methods: GET, POST, DELETE, PUT
1 < Access-Control-Allow-Origin: *
1 < Connection: keep-alive
1 < Content-Length: 102
1 < Content-Type: application/xml
1 < Date: Tue, 23 Aug 2022 05:12:06 GMT
1 < Server: Jetty(9.2.9.v20150224)
<?xml version="1.0" encoding="UTF-8" standalone="yes"?><apiResponse><type>unknown</type></apiResponse>

