03:03:36.905 request:
1 > POST https://petstore.swagger.io/v2/pet
1 > Accept-Encoding: gzip,deflate
1 > Connection: Keep-Alive
1 > Content-Length: 296
1 > Content-Type: application/json; charset=UTF-8
1 > Host: petstore.swagger.io
1 > User-Agent: Apache-HttpClient/4.5.12 (Java/1.8.0_342)
{"id":1,"category":{"id":1,"name":"gato"},"name":"pepe","photoUrls":["https://www.purina-latam.com/sites/g/files/auxxlc391/files/styles/social_share_large/public/01_%C2%BFQu%C3%A9-puedo-hacer-si-mi-gato-est%C3%A1-triste-.png?itok=w67Nhubc"],"tags":[{"id":1,"name":"gatito"}],"status":"available"}

03:03:38.031 response time in milliseconds: 1131,99
1 < 200
1 < Access-Control-Allow-Headers: Content-Type, api_key, Authorization
1 < Access-Control-Allow-Methods: GET, POST, DELETE, PUT
1 < Access-Control-Allow-Origin: *
1 < Connection: keep-alive
1 < Content-Type: application/json
1 < Date: Mon, 29 Aug 2022 08:03:38 GMT
1 < Server: Jetty(9.2.9.v20150224)
1 < Transfer-Encoding: chunked
{"id":1,"category":{"id":1,"name":"gato"},"name":"pepe","photoUrls":["https://www.purina-latam.com/sites/g/files/auxxlc391/files/styles/social_share_large/public/01_%C2%BFQu%C3%A9-puedo-hacer-si-mi-gato-est%C3%A1-triste-.png?itok=w67Nhubc"],"tags":[{"id":1,"name":"gatito"}],"status":"available"}

03:03:38.078 request:
1 > POST https://petstore.swagger.io/v2/pet
1 > Accept-Encoding: gzip,deflate
1 > Connection: Keep-Alive
1 > Content-Length: 304
1 > Content-Type: application/json; charset=UTF-8
1 > Host: petstore.swagger.io
1 > User-Agent: Apache-HttpClient/4.5.12 (Java/1.8.0_342)
{"id":"lola","category":{"id":567,"name":"gato"},"name":"pepe","photoUrls":["https://www.purina-latam.com/sites/g/files/auxxlc391/files/styles/social_share_large/public/01_%C2%BFQu%C3%A9-puedo-hacer-si-mi-gato-est%C3%A1-triste-.png?itok=w67Nhubc"],"tags":[{"id":89,"name":"gatito"}],"status":"available"}

03:03:38.500 response time in milliseconds: 434,32
1 < 500
1 < Access-Control-Allow-Headers: Content-Type, api_key, Authorization
1 < Access-Control-Allow-Methods: GET, POST, DELETE, PUT
1 < Access-Control-Allow-Origin: *
1 < Connection: keep-alive
1 < Content-Type: application/json
1 < Date: Mon, 29 Aug 2022 08:03:39 GMT
1 < Server: Jetty(9.2.9.v20150224)
1 < Transfer-Encoding: chunked
{"code":500,"type":"unknown","message":"something bad happened"}

