00:45:56.453 request:
1 > POST https://petstore.swagger.io/v2/pet
1 > Accept-Encoding: gzip,deflate
1 > Connection: Keep-Alive
1 > Content-Length: 296
1 > Content-Type: application/json; charset=UTF-8
1 > Host: petstore.swagger.io
1 > User-Agent: Apache-HttpClient/4.5.12 (Java/1.8.0_342)
{"id":1,"category":{"id":1,"name":"gato"},"name":"pepe","photoUrls":["https://www.purina-latam.com/sites/g/files/auxxlc391/files/styles/social_share_large/public/01_%C2%BFQu%C3%A9-puedo-hacer-si-mi-gato-est%C3%A1-triste-.png?itok=w67Nhubc"],"tags":[{"id":1,"name":"gatito"}],"status":"available"}

00:45:57.178 response time in milliseconds: 723,48
1 < 200
1 < Access-Control-Allow-Headers: Content-Type, api_key, Authorization
1 < Access-Control-Allow-Methods: GET, POST, DELETE, PUT
1 < Access-Control-Allow-Origin: *
1 < Connection: keep-alive
1 < Content-Type: application/json
1 < Date: Tue, 23 Aug 2022 05:45:58 GMT
1 < Server: Jetty(9.2.9.v20150224)
1 < Transfer-Encoding: chunked
{"id":1,"category":{"id":1,"name":"gato"},"name":"pepe","photoUrls":["https://www.purina-latam.com/sites/g/files/auxxlc391/files/styles/social_share_large/public/01_%C2%BFQu%C3%A9-puedo-hacer-si-mi-gato-est%C3%A1-triste-.png?itok=w67Nhubc"],"tags":[{"id":1,"name":"gatito"}],"status":"available"}

00:45:57.202 request:
1 > POST https://petstore.swagger.io/v2/pet
1 > Accept-Encoding: gzip,deflate
1 > Connection: Keep-Alive
1 > Content-Length: 304
1 > Content-Type: application/json; charset=UTF-8
1 > Host: petstore.swagger.io
1 > User-Agent: Apache-HttpClient/4.5.12 (Java/1.8.0_342)
{"id":"lola","category":{"id":567,"name":"gato"},"name":"pepe","photoUrls":["https://www.purina-latam.com/sites/g/files/auxxlc391/files/styles/social_share_large/public/01_%C2%BFQu%C3%A9-puedo-hacer-si-mi-gato-est%C3%A1-triste-.png?itok=w67Nhubc"],"tags":[{"id":89,"name":"gatito"}],"status":"available"}

00:45:57.644 response time in milliseconds: 442,22
1 < 500
1 < Access-Control-Allow-Headers: Content-Type, api_key, Authorization
1 < Access-Control-Allow-Methods: GET, POST, DELETE, PUT
1 < Access-Control-Allow-Origin: *
1 < Connection: keep-alive
1 < Content-Type: application/json
1 < Date: Tue, 23 Aug 2022 05:45:58 GMT
1 < Server: Jetty(9.2.9.v20150224)
1 < Transfer-Encoding: chunked
{"code":500,"type":"unknown","message":"something bad happened"}

00:45:57.740 request:
1 > DELETE https://petstore.swagger.io/v2/pet/1
1 > Accept-Encoding: gzip,deflate
1 > Connection: Keep-Alive
1 > Host: petstore.swagger.io
1 > User-Agent: Apache-HttpClient/4.5.12 (Java/1.8.0_342)

00:45:58.182 response time in milliseconds: 441,26
1 < 200
1 < Access-Control-Allow-Headers: Content-Type, api_key, Authorization
1 < Access-Control-Allow-Methods: GET, POST, DELETE, PUT
1 < Access-Control-Allow-Origin: *
1 < Connection: keep-alive
1 < Content-Type: application/json
1 < Date: Tue, 23 Aug 2022 05:45:59 GMT
1 < Server: Jetty(9.2.9.v20150224)
1 < Transfer-Encoding: chunked
{"code":200,"type":"unknown","message":"1"}

00:45:58.202 request:
1 > DELETE https://petstore.swagger.io/v2/pet/joha
1 > Accept-Encoding: gzip,deflate
1 > Connection: Keep-Alive
1 > Host: petstore.swagger.io
1 > User-Agent: Apache-HttpClient/4.5.12 (Java/1.8.0_342)

00:45:58.624 response time in milliseconds: 421,52
1 < 404
1 < Access-Control-Allow-Headers: Content-Type, api_key, Authorization
1 < Access-Control-Allow-Methods: GET, POST, DELETE, PUT
1 < Access-Control-Allow-Origin: *
1 < Connection: keep-alive
1 < Content-Type: application/json
1 < Date: Tue, 23 Aug 2022 05:45:59 GMT
1 < Server: Jetty(9.2.9.v20150224)
1 < Transfer-Encoding: chunked
{"code":404,"type":"unknown","message":"java.lang.NumberFormatException: For input string: \"joha\""}

00:45:58.640 request:
1 > GET https://petstore.swagger.io/v2/pet/findByStatus
1 > Accept-Encoding: gzip,deflate
1 > Connection: Keep-Alive
1 > Host: petstore.swagger.io
1 > User-Agent: Apache-HttpClient/4.5.12 (Java/1.8.0_342)

00:45:59.066 response time in milliseconds: 424,22
1 < 200
1 < Access-Control-Allow-Headers: Content-Type, api_key, Authorization
1 < Access-Control-Allow-Methods: GET, POST, DELETE, PUT
1 < Access-Control-Allow-Origin: *
1 < Connection: keep-alive
1 < Content-Type: application/json
1 < Date: Tue, 23 Aug 2022 05:45:59 GMT
1 < Server: Jetty(9.2.9.v20150224)
1 < Transfer-Encoding: chunked
[]

00:45:59.077 request:
1 > GET https://petstore.swagger.io/v2/pet/findByStatus90
1 > Accept-Encoding: gzip,deflate
1 > Connection: Keep-Alive
1 > Host: petstore.swagger.io
1 > User-Agent: Apache-HttpClient/4.5.12 (Java/1.8.0_342)

00:45:59.509 response time in milliseconds: 429,96
1 < 404
1 < Access-Control-Allow-Headers: Content-Type, api_key, Authorization
1 < Access-Control-Allow-Methods: GET, POST, DELETE, PUT
1 < Access-Control-Allow-Origin: *
1 < Connection: keep-alive
1 < Content-Type: application/json
1 < Date: Tue, 23 Aug 2022 05:46:00 GMT
1 < Server: Jetty(9.2.9.v20150224)
1 < Transfer-Encoding: chunked
{"code":404,"type":"unknown","message":"java.lang.NumberFormatException: For input string: \"findByStatus90\""}

00:45:59.527 request:
1 > PUT https://petstore.swagger.io/v2/pet
1 > Accept-Encoding: gzip,deflate
1 > Connection: Keep-Alive
1 > Content-Length: 2
1 > Content-Type: application/json; charset=UTF-8
1 > Host: petstore.swagger.io
1 > User-Agent: Apache-HttpClient/4.5.12 (Java/1.8.0_342)
{}

00:45:59.942 response time in milliseconds: 414,07
1 < 200
1 < Access-Control-Allow-Headers: Content-Type, api_key, Authorization
1 < Access-Control-Allow-Methods: GET, POST, DELETE, PUT
1 < Access-Control-Allow-Origin: *
1 < Connection: keep-alive
1 < Content-Type: application/json
1 < Date: Tue, 23 Aug 2022 05:46:00 GMT
1 < Server: Jetty(9.2.9.v20150224)
1 < Transfer-Encoding: chunked
{"id":9223372036854227844,"photoUrls":[],"tags":[]}

00:45:59.951 request:
1 > PUT https://petstore.swagger.io/v2/pet/joha
1 > Accept-Encoding: gzip,deflate
1 > Connection: Keep-Alive
1 > Content-Length: 2
1 > Content-Type: application/json; charset=UTF-8
1 > Host: petstore.swagger.io
1 > User-Agent: Apache-HttpClient/4.5.12 (Java/1.8.0_342)
{}

00:46:00.380 response time in milliseconds: 427,91
1 < 405
1 < Access-Control-Allow-Headers: Content-Type, api_key, Authorization
1 < Access-Control-Allow-Methods: GET, POST, DELETE, PUT
1 < Access-Control-Allow-Origin: *
1 < Connection: keep-alive
1 < Content-Length: 102
1 < Content-Type: application/xml
1 < Date: Tue, 23 Aug 2022 05:46:01 GMT
1 < Server: Jetty(9.2.9.v20150224)
<?xml version="1.0" encoding="UTF-8" standalone="yes"?><apiResponse><type>unknown</type></apiResponse>

Host: petstore.swagger.io
1 > User-Agent: Apache-HttpClient/4.5.12 (Java/1.8.0_301)
{}

00:12:09.380 response time in milliseconds: 663.28
1 < 405
1 < Access-Control-Allow-Headers: Content-Type, api_key, Authorization
1 < Access-Control-Allow-Methods: GET, POST, DELETE, PUT
1 < Access-Control-Allow-Origin: *
1 < Connection: keep-alive
1 < Content-Length: 102
1 < Content-Type: application/xml
1 < Date: Tue, 23 Aug 2022 05:12:06 GMT
1 < Server: Jetty(9.2.9.v20150224)
<?xml version="1.0" encoding="UTF-8" standalone="yes"?><apiResponse><type>unknown</type></apiResponse>

